<?xml version="1.0" encoding="UTF-8"?>
<testsuite xmlns:xsi="http://www.w3.org/2001/XMLSchema-instance" xsi:noNamespaceSchemaLocation="https://maven.apache.org/surefire/maven-surefire-plugin/xsd/surefire-test-report-3.0.xsd" version="3.0" name="TestMain" time="20.202" tests="2" errors="0" skipped="0" failures="0">
  <properties>
[...]
</properties>
  <testcase name="testCaseOne" classname="TestMain" time="9.262">
    <system-out><![CDATA[


Starting a new test case...




***************************************
Current Cycle: C1
***************************************
&amp#27;[34mCreate task: T1&amp#27;[0m
&amp#27;[34mCreate task: T2&amp#27;[0m
&amp#27;[34mCreate task: T3&amp#27;[0m
&amp#27;[32mProcessor P2 started processing: T2&amp#27;[0m
&amp#27;[33mTask T2 remaining time: 2&amp#27;[0m
&amp#27;[32mProcessor P1 started processing: T3&amp#27;[0m
&amp#27;[33mTask T3 remaining time: 4&amp#27;[0m

***************************************
Current Cycle: C2
***************************************
Waiting tasks: 
	T1
&amp#27;[33mTask T2 remaining time: 1&amp#27;[0m
&amp#27;[33mTask T3 remaining time: 3&amp#27;[0m

***************************************
Current Cycle: C3
***************************************
Waiting tasks: 
	T1
&amp#27;[34mCreate task: T4&amp#27;[0m
&amp#27;[31mProcessor P2 completed task: T2&amp#27;[0m
&amp#27;[33mTask T3 remaining time: 2&amp#27;[0m

***************************************
Current Cycle: C4
***************************************
Waiting tasks: 
	T4
	T1
&amp#27;[34mCreate task: T5&amp#27;[0m
&amp#27;[32mProcessor P2 started processing: T4&amp#27;[0m
&amp#27;[33mTask T4 remaining time: 3&amp#27;[0m
&amp#27;[33mTask T3 remaining time: 1&amp#27;[0m

***************************************
Current Cycle: C5
***************************************
Waiting tasks: 
	T1
	T5
&amp#27;[34mCreate task: T6&amp#27;[0m
&amp#27;[33mTask T4 remaining time: 2&amp#27;[0m
&amp#27;[31mProcessor P1 completed task: T3&amp#27;[0m

***************************************
Current Cycle: C6
***************************************
Waiting tasks: 
	T1
	T5
	T6
&amp#27;[32mProcessor P1 started processing: T1&amp#27;[0m
&amp#27;[33mTask T1 remaining time: 3&amp#27;[0m
&amp#27;[33mTask T4 remaining time: 1&amp#27;[0m

***************************************
Current Cycle: C7
***************************************
Waiting tasks: 
	T6
	T5
&amp#27;[33mTask T1 remaining time: 2&amp#27;[0m
&amp#27;[31mProcessor P2 completed task: T4&amp#27;[0m

***************************************
Current Cycle: C8
***************************************
Waiting tasks: 
	T6
	T5
&amp#27;[32mProcessor P2 started processing: T6&amp#27;[0m
&amp#27;[33mTask T6 remaining time: 2&amp#27;[0m
&amp#27;[33mTask T1 remaining time: 1&amp#27;[0m

***************************************
Current Cycle: C9
***************************************
Waiting tasks: 
	T5
&amp#27;[33mTask T6 remaining time: 1&amp#27;[0m
&amp#27;[31mProcessor P1 completed task: T1&amp#27;[0m

***************************************
Current Cycle: C10
***************************************
Waiting tasks: 
	T5
&amp#27;[32mProcessor P1 started processing: T5&amp#27;[0m
&amp#27;[31mProcessor P1 completed task: T5&amp#27;[0m
&amp#27;[31mProcessor P2 completed task: T6&amp#27;[0m



Test case completed.



]]></system-out>
  </testcase>
  <testcase name="testCaseTwo" classname="TestMain" time="10.88">
    <system-out><![CDATA[


Starting a new test case...




***************************************
Current Cycle: C1
***************************************
&amp#27;[34mCreate task: T1&amp#27;[0m
&amp#27;[34mCreate task: T2&amp#27;[0m
&amp#27;[34mCreate task: T3&amp#27;[0m
&amp#27;[32mProcessor P1 started processing: T1&amp#27;[0m
&amp#27;[32mProcessor P2 started processing: T2&amp#27;[0m
&amp#27;[33mTask T2 remaining time: 4&amp#27;[0m
&amp#27;[33mTask T1 remaining time: 8&amp#27;[0m
&amp#27;[32mProcessor P3 started processing: T3&amp#27;[0m
&amp#27;[33mTask T3 remaining time: 3&amp#27;[0m

***************************************
Current Cycle: C2
***************************************
&amp#27;[33mTask T1 remaining time: 7&amp#27;[0m
&amp#27;[33mTask T2 remaining time: 3&amp#27;[0m
&amp#27;[33mTask T3 remaining time: 2&amp#27;[0m

***************************************
Current Cycle: C3
***************************************
&amp#27;[34mCreate task: T4&amp#27;[0m
&amp#27;[32mProcessor P4 started processing: T4&amp#27;[0m
&amp#27;[33mTask T4 remaining time: 2&amp#27;[0m
&amp#27;[33mTask T2 remaining time: 2&amp#27;[0m
&amp#27;[33mTask T3 remaining time: 1&amp#27;[0m
&amp#27;[33mTask T1 remaining time: 6&amp#27;[0m

***************************************
Current Cycle: C4
***************************************
&amp#27;[34mCreate task: T5&amp#27;[0m
&amp#27;[34mCreate task: T6&amp#27;[0m
&amp#27;[33mTask T4 remaining time: 1&amp#27;[0m
&amp#27;[31mProcessor P3 completed task: T3&amp#27;[0m
&amp#27;[33mTask T2 remaining time: 1&amp#27;[0m
&amp#27;[33mTask T1 remaining time: 5&amp#27;[0m

***************************************
Current Cycle: C5
***************************************
Waiting tasks: 
	T5
	T6
&amp#27;[34mCreate task: T7&amp#27;[0m
&amp#27;[32mProcessor P3 started processing: T7&amp#27;[0m
&amp#27;[33mTask T7 remaining time: 2&amp#27;[0m
&amp#27;[31mProcessor P4 completed task: T4&amp#27;[0m
&amp#27;[31mProcessor P2 completed task: T2&amp#27;[0m
&amp#27;[33mTask T1 remaining time: 4&amp#27;[0m

***************************************
Current Cycle: C6
***************************************
Waiting tasks: 
	T5
	T6
&amp#27;[32mProcessor P2 started processing: T5&amp#27;[0m
&amp#27;[33mTask T5 remaining time: 1&amp#27;[0m
&amp#27;[32mProcessor P4 started processing: T6&amp#27;[0m
&amp#27;[33mTask T6 remaining time: 1&amp#27;[0m
&amp#27;[33mTask T7 remaining time: 1&amp#27;[0m
&amp#27;[33mTask T1 remaining time: 3&amp#27;[0m

***************************************
Current Cycle: C7
***************************************
&amp#27;[31mProcessor P2 completed task: T5&amp#27;[0m
&amp#27;[31mProcessor P4 completed task: T6&amp#27;[0m
&amp#27;[31mProcessor P3 completed task: T7&amp#27;[0m
&amp#27;[33mTask T1 remaining time: 2&amp#27;[0m

***************************************
Current Cycle: C8
***************************************
&amp#27;[33mTask T1 remaining time: 1&amp#27;[0m

***************************************
Current Cycle: C9
***************************************
&amp#27;[34mCreate task: T8&amp#27;[0m
&amp#27;[34mCreate task: T9&amp#27;[0m
&amp#27;[32mProcessor P2 started processing: T9&amp#27;[0m
&amp#27;[32mProcessor P3 started processing: T8&amp#27;[0m
&amp#27;[33mTask T9 remaining time: 3&amp#27;[0m
&amp#27;[33mTask T8 remaining time: 3&amp#27;[0m
&amp#27;[31mProcessor P1 completed task: T1&amp#27;[0m

***************************************
Current Cycle: C10
***************************************
&amp#27;[34mCreate task: T10&amp#27;[0m
&amp#27;[32mProcessor P1 started processing: T10&amp#27;[0m
&amp#27;[31mProcessor P1 completed task: T10&amp#27;[0m
&amp#27;[33mTask T8 remaining time: 2&amp#27;[0m
&amp#27;[33mTask T9 remaining time: 2&amp#27;[0m

***************************************
Current Cycle: C11
***************************************
&amp#27;[33mTask T9 remaining time: 1&amp#27;[0m
&amp#27;[33mTask T8 remaining time: 1&amp#27;[0m

***************************************
Current Cycle: C12
***************************************
&amp#27;[31mProcessor P2 completed task: T9&amp#27;[0m
&amp#27;[31mProcessor P3 completed task: T8&amp#27;[0m



Test case completed.



]]></system-out>
  </testcase>
</testsuite>